<?xml version="1.0" encoding="UTF-8" ?>
<testsuite failures="0" time="31.643" errors="0" skipped="0" tests="1" name="TestSuite">
  <properties>
    <property name="java.vendor" value="Oracle Corporation"/>
    <property name="localRepository" value="/Users/IT-Satya/.m2/repository"/>
    <property name="sun.java.launcher" value="SUN_STANDARD"/>
    <property name="env.XPC_SERVICE_NAME" value="0"/>
    <property name="sun.management.compiler" value="HotSpot 64-Bit Tiered Compilers"/>
    <property name="os.name" value="Mac OS X"/>
    <property name="sun.boot.class.path" value="/Library/Java/JavaVirtualMachines/jdk1.7.0_79.jdk/Contents/Home/jre/lib/resources.jar:/Library/Java/JavaVirtualMachines/jdk1.7.0_79.jdk/Contents/Home/jre/lib/rt.jar:/Library/Java/JavaVirtualMachines/jdk1.7.0_79.jdk/Contents/Home/jre/lib/sunrsasign.jar:/Library/Java/JavaVirtualMachines/jdk1.7.0_79.jdk/Contents/Home/jre/lib/jsse.jar:/Library/Java/JavaVirtualMachines/jdk1.7.0_79.jdk/Contents/Home/jre/lib/jce.jar:/Library/Java/JavaVirtualMachines/jdk1.7.0_79.jdk/Contents/Home/jre/lib/charsets.jar:/Library/Java/JavaVirtualMachines/jdk1.7.0_79.jdk/Contents/Home/jre/lib/jfr.jar:/Library/Java/JavaVirtualMachines/jdk1.7.0_79.jdk/Contents/Home/jre/classes"/>
    <property name="env.TMPDIR" value="/var/folders/5f/gsf92khj0m39h6bw3dzn_ygm0000gp/T/"/>
    <property name="env.PWD" value="/Users/IT-Satya/Desktop/workspace/SampleMaven"/>
    <property name="env.LANG" value="en_US.UTF-8"/>
    <property name="java.vm.specification.vendor" value="Oracle Corporation"/>
    <property name="java.runtime.version" value="1.7.0_79-b15"/>
    <property name="env.Apple_PubSub_Socket_Render" value="/private/tmp/com.apple.launchd.BCc5BbIqWM/Render"/>
    <property name="user.name" value="IT-Satya"/>
    <property name="maven.build.version" value="Apache Maven 3.3.3 (7994120775791599e205a5524ec3e0dfe41d4a06; 2015-04-22T17:27:37+05:30)"/>
    <property name="env.USER" value="IT-Satya"/>
    <property name="env.SHELL" value="/bin/bash"/>
    <property name="env.__CF_USER_TEXT_ENCODING" value="0x1F6:0x0:0x0"/>
    <property name="env.PATH" value="/opt/local/bin:/opt/local/sbin:/usr/local/bin:/usr/bin:/bin:/usr/sbin:/sbin:/Users/IT-Satya/Library/Android/sdk/tools:/Users/IT-Satya/Library/Android/sdk/platform-tools:/Users/IT-Satya/Downloads/apache-maven-3.3.3/bin"/>
    <property name="user.language" value="en"/>
    <property name="sun.boot.library.path" value="/Library/Java/JavaVirtualMachines/jdk1.7.0_79.jdk/Contents/Home/jre/lib"/>
    <property name="classworlds.conf" value="/Users/IT-Satya/Downloads/apache-maven-3.3.3/bin/m2.conf"/>
    <property name="env.XPC_FLAGS" value="0x0"/>
    <property name="java.version" value="1.7.0_79"/>
    <property name="user.timezone" value="Asia/Kolkata"/>
    <property name="sun.arch.data.model" value="64"/>
    <property name="java.endorsed.dirs" value="/Library/Java/JavaVirtualMachines/jdk1.7.0_79.jdk/Contents/Home/jre/lib/endorsed"/>
    <property name="sun.cpu.isalist" value=""/>
    <property name="sun.jnu.encoding" value="UTF-8"/>
    <property name="file.encoding.pkg" value="sun.io"/>
    <property name="env.SHLVL" value="2"/>
    <property name="file.separator" value="/"/>
    <property name="java.specification.name" value="Java Platform API Specification"/>
    <property name="java.class.version" value="51.0"/>
    <property name="user.country" value="US"/>
    <property name="java.home" value="/Library/Java/JavaVirtualMachines/jdk1.7.0_79.jdk/Contents/Home/jre"/>
    <property name="env.ANDROID_HOME" value="/Users/IT-Satya/Library/Android/sdk"/>
    <property name="java.vm.info" value="mixed mode"/>
    <property name="env.LOGNAME" value="IT-Satya"/>
    <property name="os.version" value="10.10.4"/>
    <property name="env.TERM_PROGRAM_VERSION" value="343.7"/>
    <property name="path.separator" value=":"/>
    <property name="env.Automation_Path" value="/Users/IT-Satya/Desktop/workspace/"/>
    <property name="java.vm.version" value="24.79-b02"/>
    <property name="env.TESTNG_HOME" value="/Users/IT-Satya/Desktop/workspace/Resources"/>
    <property name="env.JAVA_HOME" value="/Library/Java/JavaVirtualMachines/jdk1.7.0_79.jdk/Contents/Home"/>
    <property name="java.awt.printerjob" value="sun.lwawt.macosx.CPrinterJob"/>
    <property name="env.TERM" value="xterm-256color"/>
    <property name="sun.io.unicode.encoding" value="UnicodeBig"/>
    <property name="awt.toolkit" value="sun.lwawt.macosx.LWCToolkit"/>
    <property name="user.home" value="/Users/IT-Satya"/>
    <property name="java.specification.vendor" value="Oracle Corporation"/>
    <property name="env.TERM_PROGRAM" value="Apple_Terminal"/>
    <property name="env.M2_HOME" value="/Users/IT-Satya/Downloads/apache-maven-3.3.3"/>
    <property name="java.library.path" value="/Users/IT-Satya/Library/Java/Extensions:/Library/Java/Extensions:/Network/Library/Java/Extensions:/System/Library/Java/Extensions:/usr/lib/java:."/>
    <property name="java.vendor.url" value="http://java.oracle.com/"/>
    <property name="env.MAVEN_CMD_LINE_ARGS" value=" clean test"/>
    <property name="java.vm.vendor" value="Oracle Corporation"/>
    <property name="gopherProxySet" value="false"/>
    <property name="maven.home" value="/Users/IT-Satya/Downloads/apache-maven-3.3.3"/>
    <property name="java.runtime.name" value="Java(TM) SE Runtime Environment"/>
    <property name="sun.java.command" value="org.codehaus.plexus.classworlds.launcher.Launcher clean test"/>
    <property name="java.class.path" value="/Users/IT-Satya/Downloads/apache-maven-3.3.3/boot/plexus-classworlds-2.5.2.jar"/>
    <property name="env.TERM_SESSION_ID" value="BA9EC0AB-DE23-46A6-997F-8F4BA802F07E"/>
    <property name="maven.version" value="3.3.3"/>
    <property name="java.vm.specification.name" value="Java Virtual Machine Specification"/>
    <property name="java.vm.specification.version" value="1.7"/>
    <property name="sun.cpu.endian" value="little"/>
    <property name="sun.os.patch.level" value="unknown"/>
    <property name="env.HOME" value="/Users/IT-Satya"/>
    <property name="surefire.test.class.path" value="/Users/IT-Satya/Desktop/workspace/SampleMaven/target/test-classes:/Users/IT-Satya/Desktop/workspace/SampleMaven/target/classes:/Users/IT-Satya/.m2/repository/org/seleniumhq/selenium/selenium-java/2.44.0/selenium-java-2.44.0.jar:/Users/IT-Satya/.m2/repository/org/seleniumhq/selenium/selenium-chrome-driver/2.44.0/selenium-chrome-driver-2.44.0.jar:/Users/IT-Satya/.m2/repository/org/seleniumhq/selenium/selenium-remote-driver/2.44.0/selenium-remote-driver-2.44.0.jar:/Users/IT-Satya/.m2/repository/cglib/cglib-nodep/2.1_3/cglib-nodep-2.1_3.jar:/Users/IT-Satya/.m2/repository/org/seleniumhq/selenium/selenium-api/2.44.0/selenium-api-2.44.0.jar:/Users/IT-Satya/.m2/repository/org/seleniumhq/selenium/selenium-htmlunit-driver/2.44.0/selenium-htmlunit-driver-2.44.0.jar:/Users/IT-Satya/.m2/repository/net/sourceforge/htmlunit/htmlunit/2.15/htmlunit-2.15.jar:/Users/IT-Satya/.m2/repository/xalan/xalan/2.7.1/xalan-2.7.1.jar:/Users/IT-Satya/.m2/repository/xalan/serializer/2.7.1/serializer-2.7.1.jar:/Users/IT-Satya/.m2/repository/commons-collections/commons-collections/3.2.1/commons-collections-3.2.1.jar:/Users/IT-Satya/.m2/repository/org/apache/httpcomponents/httpmime/4.3.3/httpmime-4.3.3.jar:/Users/IT-Satya/.m2/repository/net/sourceforge/htmlunit/htmlunit-core-js/2.15/htmlunit-core-js-2.15.jar:/Users/IT-Satya/.m2/repository/xerces/xercesImpl/2.11.0/xercesImpl-2.11.0.jar:/Users/IT-Satya/.m2/repository/net/sourceforge/nekohtml/nekohtml/1.9.21/nekohtml-1.9.21.jar:/Users/IT-Satya/.m2/repository/net/sourceforge/cssparser/cssparser/0.9.14/cssparser-0.9.14.jar:/Users/IT-Satya/.m2/repository/org/w3c/css/sac/1.3/sac-1.3.jar:/Users/IT-Satya/.m2/repository/org/eclipse/jetty/jetty-websocket/8.1.15.v20140411/jetty-websocket-8.1.15.v20140411.jar:/Users/IT-Satya/.m2/repository/org/eclipse/jetty/jetty-util/8.1.15.v20140411/jetty-util-8.1.15.v20140411.jar:/Users/IT-Satya/.m2/repository/org/eclipse/jetty/jetty-io/8.1.15.v20140411/jetty-io-8.1.15.v20140411.jar:/Users/IT-Satya/.m2/repository/org/eclipse/jetty/jetty-http/8.1.15.v20140411/jetty-http-8.1.15.v20140411.jar:/Users/IT-Satya/.m2/repository/org/seleniumhq/selenium/selenium-firefox-driver/2.44.0/selenium-firefox-driver-2.44.0.jar:/Users/IT-Satya/.m2/repository/org/seleniumhq/selenium/selenium-ie-driver/2.44.0/selenium-ie-driver-2.44.0.jar:/Users/IT-Satya/.m2/repository/net/java/dev/jna/jna/3.4.0/jna-3.4.0.jar:/Users/IT-Satya/.m2/repository/net/java/dev/jna/platform/3.4.0/platform-3.4.0.jar:/Users/IT-Satya/.m2/repository/org/seleniumhq/selenium/selenium-safari-driver/2.44.0/selenium-safari-driver-2.44.0.jar:/Users/IT-Satya/.m2/repository/org/seleniumhq/selenium/selenium-support/2.44.0/selenium-support-2.44.0.jar:/Users/IT-Satya/.m2/repository/org/webbitserver/webbit/0.4.14/webbit-0.4.14.jar:/Users/IT-Satya/.m2/repository/io/netty/netty/3.5.2.Final/netty-3.5.2.Final.jar:/Users/IT-Satya/.m2/repository/io/selendroid/selendroid-standalone/0.13.0/selendroid-standalone-0.13.0.jar:/Users/IT-Satya/.m2/repository/io/selendroid/selendroid-common/0.13.0/selendroid-common-0.13.0.jar:/Users/IT-Satya/.m2/repository/io/selendroid/selendroid-server-common/0.13.0/selendroid-server-common-0.13.0.jar:/Users/IT-Satya/.m2/repository/io/netty/netty-all/4.0.21.Final/netty-all-4.0.21.Final.jar:/Users/IT-Satya/.m2/repository/org/apache/httpcomponents/httpclient/4.3.4/httpclient-4.3.4.jar:/Users/IT-Satya/.m2/repository/org/apache/httpcomponents/httpcore/4.3.2/httpcore-4.3.2.jar:/Users/IT-Satya/.m2/repository/commons-logging/commons-logging/1.1.3/commons-logging-1.1.3.jar:/Users/IT-Satya/.m2/repository/org/json/json/20090211/json-20090211.jar:/Users/IT-Satya/.m2/repository/commons-io/commons-io/2.2/commons-io-2.2.jar:/Users/IT-Satya/.m2/repository/org/apache/commons/commons-exec/1.1/commons-exec-1.1.jar:/Users/IT-Satya/.m2/repository/com/beust/jcommander/1.30/jcommander-1.30.jar:/Users/IT-Satya/.m2/repository/com/android/tools/ddms/ddmlib/23.0.1/ddmlib-23.0.1.jar:/Users/IT-Satya/.m2/repository/net/sf/kxml/kxml2/2.3.0/kxml2-2.3.0.jar:/Users/IT-Satya/.m2/repository/com/android/tools/common/23.0.1/common-23.0.1.jar:/Users/IT-Satya/.m2/repository/org/apache/commons/commons-compress/1.5/commons-compress-1.5.jar:/Users/IT-Satya/.m2/repository/org/tukaani/xz/1.2/xz-1.2.jar:/Users/IT-Satya/.m2/repository/com/google/guava/guava/17.0/guava-17.0.jar:/Users/IT-Satya/.m2/repository/org/apache/commons/commons-lang3/3.1/commons-lang3-3.1.jar:/Users/IT-Satya/.m2/repository/io/selendroid/selendroid-client/0.13.0/selendroid-client-0.13.0.jar:/Users/IT-Satya/.m2/repository/org/hamcrest/hamcrest-all/1.3/hamcrest-all-1.3.jar:/Users/IT-Satya/.m2/repository/org/apache/poi/poi/3.11/poi-3.11.jar:/Users/IT-Satya/.m2/repository/commons-codec/commons-codec/1.9/commons-codec-1.9.jar:/Users/IT-Satya/.m2/repository/org/apache/poi/poi-ooxml/3.9/poi-ooxml-3.9.jar:/Users/IT-Satya/.m2/repository/org/apache/poi/poi-ooxml-schemas/3.9/poi-ooxml-schemas-3.9.jar:/Users/IT-Satya/.m2/repository/org/apache/xmlbeans/xmlbeans/2.3.0/xmlbeans-2.3.0.jar:/Users/IT-Satya/.m2/repository/stax/stax-api/1.0.1/stax-api-1.0.1.jar:/Users/IT-Satya/.m2/repository/dom4j/dom4j/1.6.1/dom4j-1.6.1.jar:/Users/IT-Satya/.m2/repository/xml-apis/xml-apis/1.0.b2/xml-apis-1.0.b2.jar:/Users/IT-Satya/.m2/repository/javax/mail/mail/1.4/mail-1.4.jar:/Users/IT-Satya/.m2/repository/javax/activation/activation/1.1/activation-1.1.jar:/Users/IT-Satya/.m2/repository/io/appium/java-client/2.0.0/java-client-2.0.0.jar:/Users/IT-Satya/.m2/repository/com/google/code/gson/gson/2.2.4/gson-2.2.4.jar:/Users/IT-Satya/.m2/repository/junit/junit/4.11/junit-4.11.jar:/Users/IT-Satya/.m2/repository/org/hamcrest/hamcrest-core/1.3/hamcrest-core-1.3.jar:/Users/IT-Satya/.m2/repository/cglib/cglib/3.1/cglib-3.1.jar:/Users/IT-Satya/.m2/repository/org/ow2/asm/asm/4.2/asm-4.2.jar:/Users/IT-Satya/.m2/repository/org/reflections/reflections/0.9.8/reflections-0.9.8.jar:/Users/IT-Satya/.m2/repository/javassist/javassist/3.12.1.GA/javassist-3.12.1.GA.jar:/Users/IT-Satya/.m2/repository/mysql/mysql-connector-java/5.1.34/mysql-connector-java-5.1.34.jar:/Users/IT-Satya/.m2/repository/org/testng/testng/6.8/testng-6.8.jar:/Users/IT-Satya/.m2/repository/org/beanshell/bsh/2.0b4/bsh-2.0b4.jar:/Users/IT-Satya/.m2/repository/org/yaml/snakeyaml/1.6/snakeyaml-1.6.jar:/Users/IT-Satya/.m2/repository/com/googlecode/json-simple/json-simple/1.1/json-simple-1.1.jar:"/>
    <property name="java.io.tmpdir" value="/var/folders/5f/gsf92khj0m39h6bw3dzn_ygm0000gp/T/"/>
    <property name="java.vendor.url.bug" value="http://bugreport.sun.com/bugreport/"/>
    <property name="maven.multiModuleProjectDirectory" value="/Users/IT-Satya/Desktop/workspace/SampleMaven"/>
    <property name="env.SSH_AUTH_SOCK" value="/private/tmp/com.apple.launchd.Fx6lNKEx3B/Listeners"/>
    <property name="java.awt.graphicsenv" value="sun.awt.CGraphicsEnvironment"/>
    <property name="os.arch" value="x86_64"/>
    <property name="java.ext.dirs" value="/Users/IT-Satya/Library/Java/Extensions:/Library/Java/JavaVirtualMachines/jdk1.7.0_79.jdk/Contents/Home/jre/lib/ext:/Library/Java/Extensions:/Network/Library/Java/Extensions:/System/Library/Java/Extensions:/usr/lib/java"/>
    <property name="user.dir" value="/Users/IT-Satya/Desktop/workspace/SampleMaven"/>
    <property name="line.separator" value="
"/>
    <property name="java.vm.name" value="Java HotSpot(TM) 64-Bit Server VM"/>
    <property name="basedir" value="/Users/IT-Satya/Desktop/workspace/SampleMaven"/>
    <property name="env.JAVA_MAIN_CLASS_46919" value="org.codehaus.plexus.classworlds.launcher.Launcher"/>
    <property name="file.encoding" value="UTF-8"/>
    <property name="java.specification.version" value="1.7"/>
    <property name="env.MAVEN_PROJECTBASEDIR" value="/Users/IT-Satya/Desktop/workspace/SampleMaven"/>
  </properties>
  <testcase time="0.052" classname="scripts.com.test.MavenTest" name="scottsMyAccount"/>
</testsuite>