<?xml version="1.0" encoding="UTF-8"?>
<!-- Generated by org.testng.reporters.JUnitReportReporter -->
<testsuite hostname="satyas-mbp.semanticindia.com" name="scripts.com.test.MavenTest" tests="1" failures="0" timestamp="26 Feb 2016 12:46:12 GMT" time="0.044" errors="0">
  <testcase name="scottsMyAccount" time="0.044" classname="scripts.com.test.MavenTest"/>
</testsuite> <!-- scripts.com.test.MavenTest -->
